  pfinal.cpp
C:\Users\Manuel\Dropbox\Universidad\MSEEI\11-VisionArtificial\Trabajo-Final\pfinal\pfinal.cpp(110): warning C4244: 'initializing': conversion from 'double' to 'int', possible loss of data
C:\Users\Manuel\Dropbox\Universidad\MSEEI\11-VisionArtificial\Trabajo-Final\pfinal\pfinal.cpp(111): warning C4244: 'initializing': conversion from 'double' to 'int', possible loss of data
C:\Users\Manuel\Dropbox\Universidad\MSEEI\11-VisionArtificial\Trabajo-Final\pfinal\pfinal.cpp(112): warning C4244: 'initializing': conversion from 'double' to 'int', possible loss of data
C:\Users\Manuel\Dropbox\Universidad\MSEEI\11-VisionArtificial\Trabajo-Final\pfinal\pfinal.cpp(156): warning C4267: '=': conversion from 'size_t' to 'int', possible loss of data
C:\Users\Manuel\Dropbox\Universidad\MSEEI\11-VisionArtificial\Trabajo-Final\pfinal\pfinal.cpp(170): warning C4244: 'argument': conversion from 'double' to 'int', possible loss of data
C:\Users\Manuel\Dropbox\Universidad\MSEEI\11-VisionArtificial\Trabajo-Final\pfinal\pfinal.cpp(246): warning C4244: 'argument': conversion from 'double' to '_Tp', possible loss of data
          with
          [
              _Tp=int
          ]
C:\Users\Manuel\Dropbox\Universidad\MSEEI\11-VisionArtificial\Trabajo-Final\pfinal\pfinal.cpp(249): warning C4244: 'argument': conversion from 'double' to '_Tp', possible loss of data
          with
          [
              _Tp=int
          ]
C:\Users\Manuel\Dropbox\Universidad\MSEEI\11-VisionArtificial\Trabajo-Final\pfinal\pfinal.cpp(398): warning C4244: 'argument': conversion from 'double' to '_Tp', possible loss of data
          with
          [
              _Tp=int
          ]
  pfinal.vcxproj -> C:\Users\Manuel\Dropbox\Universidad\MSEEI\11-VisionArtificial\Trabajo-Final\pfinal\x64\Debug\pfinal.exe
